Using pre-set license
Built from '2021.3/staging' branch; Version is '2021.3.11f1 (0a5ca18544bf) revision 679073'; Using compiler version '192829333'; Build Type 'Release'
OS: 'Windows 10  (10.0.19044) 64bit Professional' Language: 'ko' Physical Memory: 16297 MB
BatchMode: 1, IsHumanControllingUs: 0, StartBugReporterOnCrash: 0, Is64bit: 1, IsPro: 1

COMMAND LINE ARGUMENTS:
C:\Program Files\Unity\Hub\Editor\2021.3.11f1\Editor\Unity.exe
-adb2
-batchMode
-noUpm
-name
AssetImportWorker4
-projectPath
C:/Users/Administrator/Desktop/moblie2d/2dmoblie2
-logFile
Logs/AssetImportWorker4.log
-srvPort
64600
Successfully changed project path to: C:/Users/Administrator/Desktop/moblie2d/2dmoblie2
C:/Users/Administrator/Desktop/moblie2d/2dmoblie2
[UnityMemory] Configuration Parameters - Can be set up in boot.config
    "memorysetup-bucket-allocator-granularity=16"
    "memorysetup-bucket-allocator-bucket-count=8"
    "memorysetup-bucket-allocator-block-size=33554432"
    "memorysetup-bucket-allocator-block-count=8"
    "memorysetup-main-allocator-block-size=16777216"
    "memorysetup-thread-allocator-block-size=16777216"
    "memorysetup-gfx-main-allocator-block-size=16777216"
    "memorysetup-gfx-thread-allocator-block-size=16777216"
    "memorysetup-cache-allocator-block-size=4194304"
    "memorysetup-typetree-allocator-block-size=2097152"
    "memorysetup-profiler-bucket-allocator-granularity=16"
    "memorysetup-profiler-bucket-allocator-bucket-count=8"
    "memorysetup-profiler-bucket-allocator-block-size=33554432"
    "memorysetup-profiler-bucket-allocator-block-count=8"
    "memorysetup-profiler-allocator-block-size=16777216"
    "memorysetup-profiler-editor-allocator-block-size=1048576"
    "memorysetup-temp-allocator-size-main=16777216"
    "memorysetup-job-temp-allocator-block-size=2097152"
    "memorysetup-job-temp-allocator-block-size-background=1048576"
    "memorysetup-job-temp-allocator-reduction-small-platforms=262144"
    "memorysetup-temp-allocator-size-background-worker=32768"
    "memorysetup-temp-allocator-size-job-worker=262144"
    "memorysetup-temp-allocator-size-preload-manager=33554432"
    "memorysetup-temp-allocator-size-nav-mesh-worker=65536"
    "memorysetup-temp-allocator-size-audio-worker=65536"
    "memorysetup-temp-allocator-size-cloud-worker=32768"
    "memorysetup-temp-allocator-size-gi-baking-worker=262144"
    "memorysetup-temp-allocator-size-gfx=262144"
Refreshing native plugins compatible for Editor in 25.58 ms, found 2 plugins.
Preloading 0 native plugins for Editor in 0.00 ms.
Initialize engine version: 2021.3.11f1 (0a5ca18544bf)
[Subsystems] Discovering subsystems at path C:/Program Files/Unity/Hub/Editor/2021.3.11f1/Editor/Data/Resources/UnitySubsystems
[Subsystems] Discovering subsystems at path C:/Users/Administrator/Desktop/moblie2d/2dmoblie2/Assets
GfxDevice: creating device client; threaded=0; jobified=0
Direct3D:
    Version:  Direct3D 11.0 [level 11.1]
    Renderer: NVIDIA GeForce GTX 1660 (ID=0x2184)
    Vendor:   NVIDIA
    VRAM:     5992 MB
    Driver:   30.0.15.1215
Initialize mono
Mono path[0] = 'C:/Program Files/Unity/Hub/Editor/2021.3.11f1/Editor/Data/Managed'
Mono path[1] = 'C:/Program Files/Unity/Hub/Editor/2021.3.11f1/Editor/Data/MonoBleedingEdge/lib/mono/unityjit-win32'
Mono config path = 'C:/Program Files/Unity/Hub/Editor/2021.3.11f1/Editor/Data/MonoBleedingEdge/etc'
Using monoOptions --debugger-agent=transport=dt_socket,embedding=1,server=y,suspend=n,address=127.0.0.1:56500
Begin MonoManager ReloadAssembly
Registering precompiled unity dll's ...
Register platform support module: C:/Program Files/Unity/Hub/Editor/2021.3.11f1/Editor/Data/PlaybackEngines/AndroidPlayer/UnityEditor.Android.Extensions.dll
Register platform support module: C:/Program Files/Unity/Hub/Editor/2021.3.11f1/Editor/Data/PlaybackEngines/WindowsStandaloneSupport/UnityEditor.WindowsStandalone.Extensions.dll
Registered in 0.005788 seconds.
Native extension for WindowsStandalone target not found
Native extension for Android target not found
Refreshing native plugins compatible for Editor in 27.85 ms, found 2 plugins.
Preloading 0 native plugins for Editor in 0.00 ms.
Mono: successfully reloaded assembly
- Completed reload, in  0.622 seconds
Domain Reload Profiling:
	ReloadAssembly (623ms)
		BeginReloadAssembly (63ms)
			ExecutionOrderSort (0ms)
			DisableScriptedObjects (0ms)
			BackupInstance (0ms)
			ReleaseScriptingObjects (0ms)
			CreateAndSetChildDomain (1ms)
		EndReloadAssembly (443ms)
			LoadAssemblies (59ms)
			RebuildTransferFunctionScriptingTraits (0ms)
			SetupTypeCache (125ms)
			ReleaseScriptCaches (0ms)
			RebuildScriptCaches (32ms)
			SetupLoadedEditorAssemblies (236ms)
				LogAssemblyErrors (0ms)
				InitializePlatformSupportModulesInManaged (52ms)
				SetLoadedEditorAssemblies (0ms)
				RefreshPlugins (28ms)
				BeforeProcessingInitializeOnLoad (1ms)
				ProcessInitializeOnLoadAttributes (105ms)
				ProcessInitializeOnLoadMethodAttributes (49ms)
				AfterProcessingInitializeOnLoad (0ms)
				EditorAssembliesLoaded (0ms)
			ExecutionOrderSort2 (0ms)
			AwakeInstancesAfterBackupRestoration (0ms)
Platform modules already initialized, skipping
Registering precompiled user dll's ...
Registered in 0.002447 seconds.
Begin MonoManager ReloadAssembly
Native extension for WindowsStandalone target not found
Native extension for Android target not found
Refreshing native plugins compatible for Editor in 0.58 ms, found 2 plugins.
Preloading 0 native plugins for Editor in 0.00 ms.
Mono: successfully reloaded assembly
- Completed reload, in  0.879 seconds
Domain Reload Profiling:
	ReloadAssembly (880ms)
		BeginReloadAssembly (205ms)
			ExecutionOrderSort (0ms)
			DisableScriptedObjects (5ms)
			BackupInstance (0ms)
			ReleaseScriptingObjects (0ms)
			CreateAndSetChildDomain (130ms)
		EndReloadAssembly (581ms)
			LoadAssemblies (56ms)
			RebuildTransferFunctionScriptingTraits (0ms)
			SetupTypeCache (155ms)
			ReleaseScriptCaches (0ms)
			RebuildScriptCaches (36ms)
			SetupLoadedEditorAssemblies (294ms)
				LogAssemblyErrors (0ms)
				InitializePlatformSupportModulesInManaged (15ms)
				SetLoadedEditorAssemblies (1ms)
				RefreshPlugins (1ms)
				BeforeProcessingInitializeOnLoad (57ms)
				ProcessInitializeOnLoadAttributes (190ms)
				ProcessInitializeOnLoadMethodAttributes (25ms)
				AfterProcessingInitializeOnLoad (6ms)
				EditorAssembliesLoaded (0ms)
			ExecutionOrderSort2 (0ms)
			AwakeInstancesAfterBackupRestoration (4ms)
Platform modules already initialized, skipping
========================================================================
Worker process is ready to serve import requests
Launched and connected shader compiler UnityShaderCompiler.exe after 0.02 seconds
Refreshing native plugins compatible for Editor in 0.32 ms, found 2 plugins.
Preloading 0 native plugins for Editor in 0.00 ms.
Unloading 1692 Unused Serialized files (Serialized files now loaded: 0)
Unloading 20 unused Assets / (47.8 KB). Loaded Objects now: 2158.
Memory consumption went from 72.3 MB to 72.3 MB.
Total: 2.484700 ms (FindLiveObjects: 0.164600 ms CreateObjectMapping: 0.108100 ms MarkObjects: 2.163300 ms  DeleteObjects: 0.047900 ms)

AssetImportParameters requested are different than current active one (requested -> active):
  custom:video-decoder-ogg-theora: a1e56fd34408186e4bbccfd4996cb3dc -> 
  custom:container-muxer-webm: aa71ff27fc2769a1b78a27578f13a17b -> 
  custom:container-demuxer-webm: 4f35f7cbe854078d1ac9338744f61a02 -> 
  custom:video-encoder-webm-vp8: eb34c28f22e8b96e1ab97ce403110664 -> 
  custom:audio-encoder-webm-vorbis: bf7c407c2cedff20999df2af8eb42d56 -> 
  custom:framework-win-MediaFoundation: 216162199b28c13a410421893ffa2e32 -> 
  custom:container-demuxer-ogg: 62fdf1f143b41e24485cea50d1cbac27 -> 
  custom:video-decoder-webm-vp8: 9c59270c3fd7afecdb556c50c9e8de78 -> 
  custom:audio-decoder-ogg-vorbis: bf7c407c2cedff20999df2af8eb42d56 -> 
========================================================================
Received Import Request.
  Time since last request: 2721.367357 seconds.
  path: Assets/Knight Files/Body Parts/Left Arm.png
  artifactKey: Guid(79bfc252d4b629e42aae89f50be095af) Importer(815301076,1909f56bfc062723c751e8b465ee728b)
Start importing Assets/Knight Files/Body Parts/Left Arm.png using Guid(79bfc252d4b629e42aae89f50be095af) Importer(815301076,1909f56bfc062723c751e8b465ee728b)  -> (artifact id: '38fcf12ebc8727d6088cd59630b4ff4c') in 0.094158 seconds 
========================================================================
Received Import Request.
  Time since last request: 0.000030 seconds.
  path: Assets/2D SpritePack/2DPlatformerPack/Platform_3.png
  artifactKey: Guid(bb6356c39a7069447b7183dff2d646c9) Importer(815301076,1909f56bfc062723c751e8b465ee728b)
Start importing Assets/2D SpritePack/2DPlatformerPack/Platform_3.png using Guid(bb6356c39a7069447b7183dff2d646c9) Importer(815301076,1909f56bfc062723c751e8b465ee728b)  -> (artifact id: '372cf692151f023da2dc9d93284cea17') in 0.070538 seconds 
========================================================================
Received Import Request.
  Time since last request: 0.000026 seconds.
  path: Assets/2D SpritePack/2DPlatformerPack/Platform_2.png
  artifactKey: Guid(78c53f1545456df4db129c8d0c361a36) Importer(815301076,1909f56bfc062723c751e8b465ee728b)
Start importing Assets/2D SpritePack/2DPlatformerPack/Platform_2.png using Guid(78c53f1545456df4db129c8d0c361a36) Importer(815301076,1909f56bfc062723c751e8b465ee728b)  -> (artifact id: '08c7c78a2c4d3f32dd1b422e620bcff0') in 0.117545 seconds 
========================================================================
Received Import Request.
  Time since last request: 0.045605 seconds.
  path: Assets/2D SpritePack/2DPlatformerPack/Platform_5.png
  artifactKey: Guid(ace6c494ab6d0bc4bb9f3bab7fd66244) Importer(815301076,1909f56bfc062723c751e8b465ee728b)
Start importing Assets/2D SpritePack/2DPlatformerPack/Platform_5.png using Guid(ace6c494ab6d0bc4bb9f3bab7fd66244) Importer(815301076,1909f56bfc062723c751e8b465ee728b)  -> (artifact id: '1758df5dd7a286735b3e6c39b2d7b4c9') in 0.069150 seconds 
========================================================================
Received Import Request.
  Time since last request: 0.000017 seconds.
  path: Assets/2D SpritePack/2DPlatformerPack/Stone_3.png
  artifactKey: Guid(8dd1de3f057be4544b427f3d91c98549) Importer(815301076,1909f56bfc062723c751e8b465ee728b)
Start importing Assets/2D SpritePack/2DPlatformerPack/Stone_3.png using Guid(8dd1de3f057be4544b427f3d91c98549) Importer(815301076,1909f56bfc062723c751e8b465ee728b)  -> (artifact id: '7291f3009783fffbded66e3267969208') in 0.125271 seconds 
========================================================================
Received Import Request.
  Time since last request: 0.000028 seconds.
  path: Assets/Knight Files/Body Parts/Right Arm.png
  artifactKey: Guid(034d324c158efbb49993409265a738d9) Importer(815301076,1909f56bfc062723c751e8b465ee728b)
Start importing Assets/Knight Files/Body Parts/Right Arm.png using Guid(034d324c158efbb49993409265a738d9) Importer(815301076,1909f56bfc062723c751e8b465ee728b)  -> (artifact id: 'ee44b6ce88f6e4d65807c42f8a593d86') in 0.009785 seconds 
========================================================================
Received Import Request.
  Time since last request: 0.000021 seconds.
  path: Assets/Knight Files/Body Parts/sword.png
  artifactKey: Guid(722457268bcad2f4ebb4c3ee499643b3) Importer(815301076,1909f56bfc062723c751e8b465ee728b)
Start importing Assets/Knight Files/Body Parts/sword.png using Guid(722457268bcad2f4ebb4c3ee499643b3) Importer(815301076,1909f56bfc062723c751e8b465ee728b)  -> (artifact id: '32a0d5aaad401839f0b0ccdccae65c4d') in 0.016441 seconds 
========================================================================
Received Import Request.
  Time since last request: 0.000019 seconds.
  path: Assets/2D SpritePack/2DPlatformerPack/Tree_1.png
  artifactKey: Guid(30a0da852442b8745ba471234f01ed22) Importer(815301076,1909f56bfc062723c751e8b465ee728b)
Start importing Assets/2D SpritePack/2DPlatformerPack/Tree_1.png using Guid(30a0da852442b8745ba471234f01ed22) Importer(815301076,1909f56bfc062723c751e8b465ee728b)  -> (artifact id: '5fb4df4e1f728489aaefff264a99cd39') in 0.181133 seconds 
========================================================================
Received Import Request.
  Time since last request: 0.000025 seconds.
  path: Assets/2D SpritePack/2DPlatformerPack/Tree_4.png
  artifactKey: Guid(09b481fa827f62b4986bcd622ad82a9a) Importer(815301076,1909f56bfc062723c751e8b465ee728b)
Start importing Assets/2D SpritePack/2DPlatformerPack/Tree_4.png using Guid(09b481fa827f62b4986bcd622ad82a9a) Importer(815301076,1909f56bfc062723c751e8b465ee728b)  -> (artifact id: '1d760715ea7faaea7b6935dbceb9cae8') in 0.177135 seconds 
